<?xml version="1.0" encoding="UTF-8"?>
<testsuite name="TestSuite" time="0.009" tests="1" errors="0" skipped="0" failures="0">
  <properties>
    <property name="PROCESSOR_ARCHITECTURE" value="AMD64"/>
    <property name="file.encoding.pkg" value="sun.io"/>
    <property name="LOGONSERVER" value="\\DEEP"/>
    <property name="ProgramData" value="C:\ProgramData"/>
    <property name="java.home" value="C:\Program Files\Java\jdk1.7.0_45\jre"/>
    <property name="TITLE" value="Tomcat"/>
    <property name="NODE_NAME" value="master"/>
    <property name="JENKINS_URL" value="http://localhost:8030/jenkins/"/>
    <property name="VS110COMNTOOLS" value="C:\Program Files (x86)\Microsoft Visual Studio 11.0\Common7\Tools\"/>
    <property name="CATALINA_HOME" value="C:\Users\Reena&apos;s\Downloads\apache-tomcat-7.0.47-windows-x64\apache-tomcat-7.0.47"/>
    <property name="ALLUSERSPROFILE" value="C:\ProgramData"/>
    <property name="java.endorsed.dirs" value="C:\Program Files\Java\jdk1.7.0_45\jre\lib\endorsed"/>
    <property name="PSModulePath" value="C:\WINDOWS\system32\WindowsPowerShell\v1.0\Modules\;C:\Program Files (x86)\Microsoft SQL Server\110\Tools\PowerShell\Modules\"/>
    <property name="USERDOMAIN" value="DEEP"/>
    <property name="sun.os.patch.level" value=""/>
    <property name="java.vendor.url" value="http://java.oracle.com/"/>
    <property name="JAVA_OPTS" value=" -Djava.util.logging.config.file=&quot;C:\Users\Reena&apos;s\Downloads\apache-tomcat-7.0.47-windows-x64\apache-tomcat-7.0.47\conf\logging.properties&quot; -Djava.util.logging.manager=org.apache.juli.ClassLoaderLogManager"/>
    <property name="CommonProgramFiles(x86)" value="C:\Program Files (x86)\Common Files"/>
    <property name="java.version" value="1.7.0_45"/>
    <property name="JOB_NAME" value="simpledemo1"/>
    <property name="COMPUTERNAME" value="DEEP"/>
    <property name="EXECUTABLE" value="C:\Users\Reena&apos;s\Downloads\apache-tomcat-7.0.47-windows-x64\apache-tomcat-7.0.47\bin\catalina.bat"/>
    <property name="java.vendor.url.bug" value="http://bugreport.sun.com/bugreport/"/>
    <property name="PUBLIC" value="C:\Users\Public"/>
    <property name="VS120COMNTOOLS" value="C:\Program Files (x86)\Microsoft Visual Studio 12.0\Common7\Tools\"/>
    <property name="user.name" value="Reena&apos;s"/>
    <property name="sun.io.unicode.encoding" value="UnicodeLittle"/>
    <property name="sun.jnu.encoding" value="Cp1252"/>
    <property name="java.runtime.name" value="Java(TM) SE Runtime Environment"/>
    <property name="windir" value="C:\WINDOWS"/>
    <property name="PROCESSOR_IDENTIFIER" value="Intel64 Family 6 Model 58 Stepping 9, GenuineIntel"/>
    <property name="surefire.test.class.path" value="C:\workspace\Simpleproj.demo\target\test-classes;C:\workspace\Simpleproj.demo\target\classes;C:\Users\Reena&apos;s\.m2\repository\org\testng\testng\6.9.10\testng-6.9.10.jar;C:\Users\Reena&apos;s\.m2\repository\com\beust\jcommander\1.48\jcommander-1.48.jar;C:\Users\Reena&apos;s\.m2\repository\org\beanshell\bsh\2.0b4\bsh-2.0b4.jar;C:\Users\Reena&apos;s\.m2\repository\org\apache\maven\surefire\surefire-testng-utils\2.18.1\surefire-testng-utils-2.18.1.jar;C:\Users\Reena&apos;s\.m2\repository\org\apache\maven\surefire\surefire-grouper\2.18.1\surefire-grouper-2.18.1.jar;"/>
    <property name="java.specification.name" value="Java Platform API Specification"/>
    <property name="LOCALAPPDATA" value="C:\Users\Reena&apos;s\AppData\Local"/>
    <property name="user.timezone" value="America/Los_Angeles"/>
    <property name="user.script" value=""/>
    <property name="path.separator" value=";"/>
    <property name="NUMBER_OF_PROCESSORS" value="4"/>
    <property name="BUILD_TAG" value="jenkins-simpledemo1-2"/>
    <property name="file.encoding" value="Cp1252"/>
    <property name="sun.java.command" value="jenkins.maven3.agent.Maven31Main C:\Users\Reena&apos;s\.jenkins\tools\hudson.tasks.Maven_MavenInstallation\mvn1 C:\Users\Reena&apos;s\Downloads\apache-tomcat-7.0.47-windows-x64\apache-tomcat-7.0.47\webapps\jenkins\WEB-INF\lib\remoting-2.33.jar C:\Users\Reena&apos;s\.jenkins\plugins\maven-plugin\WEB-INF\lib\maven31-interceptor-1.4.jar C:\Users\Reena&apos;s\.jenkins\plugins\maven-plugin\WEB-INF\lib\maven3-interceptor-commons-1.4.jar 22140"/>
    <property name="HUDSON_URL" value="http://localhost:8030/jenkins/"/>
    <property name="JENKINS_SERVER_COOKIE" value="3e50351fea57f509"/>
    <property name="EXECUTOR_NUMBER" value="0"/>
    <property name="Path" value="C:\ORACLEINSTALL\app\oracle\product\11.2.0\server\bin;C:\oraclexe\app\oracle\product\11.2.0\server\bin;C:\Program Files (x86)\Intel\iCLS Client\;C:\Program Files\Intel\iCLS Client\;C:\WINDOWS\system32;C:\WINDOWS;C:\WINDOWS\System32\Wbem;C:\WINDOWS\System32\WindowsPowerShell\v1.0\;C:\Program Files (x86)\Intel\OpenCL SDK\2.0\bin\x86;C:\Program Files (x86)\Intel\OpenCL SDK\2.0\bin\x64;C:\Program Files\Intel\Intel(R) Management Engine Components\DAL;C:\Program Files\Intel\Intel(R) Management Engine Components\IPT;C:\Program Files (x86)\Intel\Intel(R) Management Engine Components\DAL;C:\Program Files (x86)\Intel\Intel(R) Management Engine Components\IPT;C:\Program Files\Microsoft SQL Server\110\DTS\Binn\;C:\Program Files (x86)\Microsoft SQL Server\110\Tools\Binn\;C:\Program Files\Microsoft SQL Server\110\Tools\Binn\;C:\Program Files (x86)\Microsoft SQL Server\110\Tools\Binn\ManagementStudio\;C:\Program Files (x86)\Microsoft Visual Studio 10.0\Common7\IDE\PrivateAssemblies\;C:\Program Files (x86)\Microsoft SQL Server\110\DTS\Binn\;C:\Program Files\Intel\WiFi\bin\;C:\Program Files\Common Files\Intel\WirelessCommon\;C:\Python33;C:\workspace\fileio\lib\IEDriverServer_x64_2.39.0;C:\workspace\fileio\lib\chromedriver_win32;C:\Program Files\nodejs\;C:\Users\Reena&apos;s\WebstormProjects\CssDemo\node_modules\.bin\lessc;C:\Program Files (x86)\Windows Kits\8.1\Windows Performance Toolkit\;C:\Program Files (x86)\Microsoft SDKs\TypeScript\1.0\;C:\Program Files (x86)\Skype\Phone\;C:\Program Files\nodejs\node_modules\npm;C:\Program Files\Java\jdk1.7.0_45\bin;C:\Users\Reena&apos;s\Downloads\apache-maven-3.3.9-bin\apache-maven-3.3.9\bin;C:\workspace\fileio\lib\IEDriverServer_x64_2.39.0;C:\workspace\fileio\lib\chromedriver_win32;C:\Program Files\nodejs\node_modules\npm"/>
    <property name="java.io.tmpdir" value="C:\Users\Reena&apos;s\AppData\Local\Temp\"/>
    <property name="APPDATA" value="C:\Users\Reena&apos;s\AppData\Roaming"/>
    <property name="user.language" value="en"/>
    <property name="CATALINA_TMPDIR" value="C:\Users\Reena&apos;s\Downloads\apache-tomcat-7.0.47-windows-x64\apache-tomcat-7.0.47\temp"/>
    <property name="line.separator" value="&#10;"/>
    <property name="BUILD_URL" value="http://localhost:8030/jenkins/job/simpledemo1/2/"/>
    <property name="JAVA_ENDORSED_DIRS" value="C:\Users\Reena&apos;s\Downloads\apache-tomcat-7.0.47-windows-x64\apache-tomcat-7.0.47\endorsed"/>
    <property name="ACTION" value="start"/>
    <property name="M2_HOME" value="C:\Users\Reena&apos;s\.jenkins\tools\hudson.tasks.Maven_MavenInstallation\mvn1"/>
    <property name="=C:" value="C:\Users\Reena&apos;s\Downloads\apache-tomcat-7.0.47-windows-x64\apache-tomcat-7.0.47\bin"/>
    <property name="java.vm.info" value="mixed mode"/>
    <property name="sun.desktop" value="windows"/>
    <property name="java.vm.specification.name" value="Java Virtual Machine Specification"/>
    <property name="localRepository" value="C:\Users\Reena&apos;s\.m2\repository"/>
    <property name="BUILD_DISPLAY_NAME" value="#2"/>
    <property name="OS" value="Windows_NT"/>
    <property name="guice.disable.misplaced.annotation.check" value="true"/>
    <property name="CATALINA_BASE" value="C:\Users\Reena&apos;s\Downloads\apache-tomcat-7.0.47-windows-x64\apache-tomcat-7.0.47"/>
    <property name="HUDSON_SERVER_COOKIE" value="3e50351fea57f509"/>
    <property name="JRE_HOME" value="C:\Program Files\Java\jdk1.7.0_45"/>
    <property name="_EXECJAVA" value="start &quot;Tomcat&quot; &quot;C:\Program Files\Java\jdk1.7.0_45\bin\java&quot;"/>
    <property name="_RUNJAVA" value="&quot;C:\Program Files\Java\jdk1.7.0_45\bin\java&quot;"/>
    <property name="MAVEN_HOME" value="C:\Users\Reena&apos;s\.jenkins\tools\hudson.tasks.Maven_MavenInstallation\mvn1"/>
    <property name="SESSIONNAME" value="Console"/>
    <property name="PATHEXT" value=".COM;.EXE;.BAT;.CMD;.VBS;.VBE;.JS;.JSE;.WSF;.WSH;.MSC"/>
    <property name="java.awt.printerjob" value="sun.awt.windows.WPrinterJob"/>
    <property name="maven3.interceptor.common" value="C:\Users\Reena&apos;s\.jenkins\plugins\maven-plugin\WEB-INF\lib\maven3-interceptor-commons-1.4.jar"/>
    <property name="CLASSPATH" value=""/>
    <property name="LOGGING_CONFIG" value="-Djava.util.logging.config.file=&quot;C:\Users\Reena&apos;s\Downloads\apache-tomcat-7.0.47-windows-x64\apache-tomcat-7.0.47\conf\logging.properties&quot;"/>
    <property name="HOMEPATH" value="\Users\Reena&apos;s"/>
    <property name="os.name" value="Windows 8"/>
    <property name="java.specification.vendor" value="Oracle Corporation"/>
    <property name="FP_NO_HOST_CHECK" value="NO"/>
    <property name="java.vm.name" value="Java HotSpot(TM) 64-Bit Server VM"/>
    <property name="BUILD_NUMBER" value="2"/>
    <property name="maven3.interceptor" value="C:\Users\Reena&apos;s\.jenkins\plugins\maven-plugin\WEB-INF\lib\maven31-interceptor-1.4.jar"/>
    <property name="java.library.path" value="C:\Program Files\Java\jdk1.7.0_45\bin;C:\WINDOWS\Sun\Java\bin;C:\WINDOWS\system32;C:\WINDOWS;C:\Users\Reena&apos;s\.jenkins\tools\hudson.tasks.Maven_MavenInstallation\mvn1/bin;C:\ORACLEINSTALL\app\oracle\product\11.2.0\server\bin;C:\oraclexe\app\oracle\product\11.2.0\server\bin;C:\Program Files (x86)\Intel\iCLS Client\;C:\Program Files\Intel\iCLS Client\;C:\WINDOWS\system32;C:\WINDOWS;C:\WINDOWS\System32\Wbem;C:\WINDOWS\System32\WindowsPowerShell\v1.0\;C:\Program Files (x86)\Intel\OpenCL SDK\2.0\bin\x86;C:\Program Files (x86)\Intel\OpenCL SDK\2.0\bin\x64;C:\Program Files\Intel\Intel(R) Management Engine Components\DAL;C:\Program Files\Intel\Intel(R) Management Engine Components\IPT;C:\Program Files (x86)\Intel\Intel(R) Management Engine Components\DAL;C:\Program Files (x86)\Intel\Intel(R) Management Engine Components\IPT;C:\Program Files\Microsoft SQL Server\110\DTS\Binn\;C:\Program Files (x86)\Microsoft SQL Server\110\Tools\Binn\;C:\Program Files\Microsoft SQL Server\110\Tools\Binn\;C:\Program Files (x86)\Microsoft SQL Server\110\Tools\Binn\ManagementStudio\;C:\Program Files (x86)\Microsoft Visual Studio 10.0\Common7\IDE\PrivateAssemblies\;C:\Program Files (x86)\Microsoft SQL Server\110\DTS\Binn\;C:\Program Files\Intel\WiFi\bin\;C:\Program Files\Common Files\Intel\WirelessCommon\;C:\Python33;C:\workspace\fileio\lib\IEDriverServer_x64_2.39.0;C:\workspace\fileio\lib\chromedriver_win32;C:\Program Files\nodejs\;C:\Users\Reena&apos;s\WebstormProjects\CssDemo\node_modules\.bin\lessc;C:\Program Files (x86)\Windows Kits\8.1\Windows Performance Toolkit\;C:\Program Files (x86)\Microsoft SDKs\TypeScript\1.0\;C:\Program Files (x86)\Skype\Phone\;C:\Program Files\nodejs\node_modules\npm;C:\Program Files\Java\jdk1.7.0_45\bin;C:\Users\Reena&apos;s\Downloads\apache-maven-3.3.9-bin\apache-maven-3.3.9\bin;C:\workspace\fileio\lib\IEDriverServer_x64_2.39.0;C:\workspace\fileio\lib\chromedriver_win32;C:\Program Files\nodejs\node_modules\npm;."/>
    <property name="HOMEDRIVE" value="C:"/>
    <property name="VBOX_INSTALL_PATH" value="C:\Program Files\Oracle\VirtualBox\"/>
    <property name="POM_GROUPID" value="Simpleproj"/>
    <property name="POM_ARTIFACTID" value="Simpleproj.demo"/>
    <property name="basedir" value="C:\workspace\Simpleproj.demo"/>
    <property name="java.class.version" value="51.0"/>
    <property name="LOGGING_MANAGER" value="-Djava.util.logging.manager=org.apache.juli.ClassLoaderLogManager"/>
    <property name="_RUNJDB" value="&quot;C:\Program Files\Java\jdk1.7.0_45\bin\jdb&quot;"/>
    <property name="JOB_URL" value="http://localhost:8030/jenkins/job/simpledemo1/"/>
    <property name="browser" value="chrome"/>
    <property name="MAINCLASS" value="org.apache.catalina.startup.Bootstrap"/>
    <property name="JENKINS_HOME" value="C:\Users\Reena&apos;s\.jenkins"/>
    <property name="BUILD_ID" value="2016-01-25_11-43-00"/>
    <property name="TEMP" value="C:\Users\Reena&apos;s\AppData\Local\Temp"/>
    <property name="sun.boot.library.path" value="C:\Program Files\Java\jdk1.7.0_45\jre\bin"/>
    <property name="M2" value="C:\Users\Reena&apos;s\Downloads\apache-maven-3.3.9-bin\apache-maven-3.3.9\bin"/>
    <property name="sun.management.compiler" value="HotSpot 64-Bit Tiered Compilers"/>
    <property name="java.awt.graphicsenv" value="sun.awt.Win32GraphicsEnvironment"/>
    <property name="user.variant" value=""/>
    <property name="PROCESSOR_REVISION" value="3a09"/>
    <property name="POM_VERSION" value="0.0.1-SNAPSHOT"/>
    <property name="configsetroot" value="C:\WINDOWS\ConfigSetRoot"/>
    <property name="HUDSON_HOME" value="C:\Users\Reena&apos;s\.jenkins"/>
    <property name="ProgramFiles(x86)" value="C:\Program Files (x86)"/>
    <property name="PATH+MAVEN" value="C:\Users\Reena&apos;s\.jenkins\tools\hudson.tasks.Maven_MavenInstallation\mvn1/bin"/>
    <property name="USERDOMAIN_ROAMINGPROFILE" value="DEEP"/>
    <property name="PROMPT" value="$P$G"/>
    <property name="CURRENT_DIR" value="C:\Users\Reena&apos;s\Downloads\apache-tomcat-7.0.47-windows-x64\apache-tomcat-7.0.47\bin"/>
    <property name="java.vm.specification.version" value="1.7"/>
    <property name="JAVA_HOME" value="C:\Program Files\Java\jdk1.7.0_45"/>
    <property name="awt.toolkit" value="sun.awt.windows.WToolkit"/>
    <property name="NODE_LABELS" value="master"/>
    <property name="sun.cpu.isalist" value="amd64"/>
    <property name="USERPROFILE" value="C:\Users\Reena&apos;s"/>
    <property name="java.ext.dirs" value="C:\Program Files\Java\jdk1.7.0_45\jre\lib\ext;C:\WINDOWS\Sun\Java\lib\ext"/>
    <property name="os.version" value="6.2"/>
    <property name="user.home" value="C:\Users\Reena&apos;s"/>
    <property name="USERNAME" value="Reena&apos;s"/>
    <property name="java.vm.vendor" value="Oracle Corporation"/>
    <property name="PROCESSOR_LEVEL" value="6"/>
    <property name="CommonProgramW6432" value="C:\Program Files\Common Files"/>
    <property name="user.dir" value="C:\workspace\Simpleproj.demo"/>
    <property name="ProgramW6432" value="C:\Program Files"/>
    <property name="TMP" value="C:\Users\Reena&apos;s\AppData\Local\Temp"/>
    <property name="sun.cpu.endian" value="little"/>
    <property name="SystemDrive" value="C:"/>
    <property name="java.vm.version" value="24.45-b08"/>
    <property name="java.class.path" value="C:\Users\Reena&apos;s\.jenkins\plugins\maven-plugin\WEB-INF\lib\maven31-agent-1.4.jar;C:\Users\Reena&apos;s\.jenkins\tools\hudson.tasks.Maven_MavenInstallation\mvn1\boot\plexus-classworlds-2.5.2.jar;C:\Users\Reena&apos;s\.jenkins\tools\hudson.tasks.Maven_MavenInstallation\mvn1/conf/logging"/>
    <property name="org.slf4j.simpleLogger.defaultLogLevel" value="info"/>
    <property name="os.arch" value="amd64"/>
    <property name="WORKSPACE" value="C:\Users\Reena&apos;s\.jenkins\jobs\simpledemo1\workspace"/>
    <property name="ComSpec" value="C:\WINDOWS\system32\cmd.exe"/>
    <property name="sun.java.launcher" value="SUN_STANDARD"/>
    <property name="SystemRoot" value="C:\WINDOWS"/>
    <property name="CommonProgramFiles" value="C:\Program Files\Common Files"/>
    <property name="java.vm.specification.vendor" value="Oracle Corporation"/>
    <property name="file.separator" value="\"/>
    <property name="java.runtime.version" value="1.7.0_45-b18"/>
    <property name="ProgramFiles" value="C:\Program Files"/>
    <property name="sun.boot.class.path" value="C:\Program Files\Java\jdk1.7.0_45\jre\lib\resources.jar;C:\Program Files\Java\jdk1.7.0_45\jre\lib\rt.jar;C:\Program Files\Java\jdk1.7.0_45\jre\lib\sunrsasign.jar;C:\Program Files\Java\jdk1.7.0_45\jre\lib\jsse.jar;C:\Program Files\Java\jdk1.7.0_45\jre\lib\jce.jar;C:\Program Files\Java\jdk1.7.0_45\jre\lib\charsets.jar;C:\Program Files\Java\jdk1.7.0_45\jre\lib\jfr.jar;C:\Program Files\Java\jdk1.7.0_45\jre\classes"/>
    <property name="user.country" value="US"/>
    <property name="POM_PACKAGING" value="jar"/>
    <property name="maven.home" value="C:\Users\Reena&apos;s\.jenkins\tools\hudson.tasks.Maven_MavenInstallation\mvn1"/>
    <property name="java.vendor" value="Oracle Corporation"/>
    <property name="POM_DISPLAYNAME" value="Simpleproj.demo"/>
    <property name="java.specification.version" value="1.7"/>
    <property name="sun.arch.data.model" value="64"/>
  </properties>
  <testcase name="testmethod" classname="Simpleproj.Simpleproj.demo.testngtest" time="0.009"/>
</testsuite>