<?xml version="1.0" encoding="UTF-8"?>
<!-- Generated by org.testng.reporters.JUnitReportReporter -->
<testsuite hostname="Deep" name="Simpleproj.Simpleproj.demo.testngtest" tests="1" failures="0" timestamp="25 Jan 2016 19:43:14 GMT" time="0.008" errors="0">
  <testcase name="testmethod" time="0.008" classname="Simpleproj.Simpleproj.demo.testngtest"/>
</testsuite> <!-- Simpleproj.Simpleproj.demo.testngtest -->
